<?xml version="1.0" encoding="UTF-8"?>
<testsuite xmlns:xsi="http://www.w3.org/2001/XMLSchema-instance" xsi:noNamespaceSchemaLocation="https://maven.apache.org/surefire/maven-surefire-plugin/xsd/surefire-test-report.xsd" version="3.0.2" name="tuGreaterBackend.cn333.backend.BackendApplicationTests" time="5.743" tests="1" errors="0" skipped="0" failures="0">
  <properties>
[...]
</properties>
  <testcase name="contextLoads" classname="tuGreaterBackend.cn333.backend.BackendApplicationTests" time="0.992">
    <system-out><![CDATA[00:20:05.195 [main] INFO org.springframework.test.context.support.AnnotationConfigContextLoaderUtils -- Could not detect default configuration classes for test class [tuGreaterBackend.cn333.backend.BackendApplicationTests]: BackendApplicationTests does not declare any static, non-private, non-final, nested classes annotated with @Configuration.
00:20:05.378 [main] INFO org.springframework.boot.test.context.SpringBootTestContextBootstrapper -- Found @SpringBootConfiguration tuGreaterBackend.cn333.backend.BackendApplication for test class tuGreaterBackend.cn333.backend.BackendApplicationTests

  .   ____          _            __ _ _
 /\\ / ___'_ __ _ _(_)_ __  __ _ \ \ \ \
( ( )\___ | '_ | '_| | '_ \/ _` | \ \ \ \
 \\/  ___)| |_)| | | | | || (_| |  ) ) ) )
  '  |____| .__|_| |_|_| |_\__, | / / / /
 =========|_|==============|___/=/_/_/_/

 :: Spring Boot ::                (v3.4.2)

2025-04-19T00:20:06.273+07:00  INFO 27268 --- [backend] [           main] t.cn333.backend.BackendApplicationTests  : Starting BackendApplicationTests using Java 19.0.1 with PID 27268 (started by jirat in C:\Users\jirat\Desktop\junior\cn333\deployReal\backend)
2025-04-19T00:20:06.275+07:00  INFO 27268 --- [backend] [           main] t.cn333.backend.BackendApplicationTests  : No active profile set, falling back to 1 default profile: "default"
2025-04-19T00:20:07.208+07:00  INFO 27268 --- [backend] [           main] .s.d.r.c.RepositoryConfigurationDelegate : Bootstrapping Spring Data MongoDB repositories in DEFAULT mode.
2025-04-19T00:20:07.299+07:00  INFO 27268 --- [backend] [           main] .s.d.r.c.RepositoryConfigurationDelegate : Finished Spring Data repository scanning in 80 ms. Found 6 MongoDB repository interfaces.
2025-04-19T00:20:08.005+07:00  INFO 27268 --- [backend] [nov.mongodb.net] org.mongodb.driver.cluster               : Adding discovered server tugreater-shard-00-02.cqnov.mongodb.net:27017 to client view of cluster
2025-04-19T00:20:08.011+07:00  INFO 27268 --- [backend] [           main] org.mongodb.driver.client                : MongoClient with metadata {"application": {"name": "tuGreater"}, "driver": {"name": "mongo-java-driver|sync|spring-boot", "version": "5.2.1"}, "os": {"type": "Windows", "name": "Windows 11", "architecture": "amd64", "version": "10.0"}, "platform": "Java/Oracle Corporation/19.0.1+10-21"} created with settings MongoClientSettings{readPreference=primary, writeConcern=WriteConcern{w=majority, wTimeout=null ms, journal=null}, retryWrites=true, retryReads=true, readConcern=ReadConcern{level=null}, credential=MongoCredential{mechanism=null, userName='jirat8098', source='admin', password=<hidden>, mechanismProperties=<hidden>}, transportSettings=null, commandListeners=[], codecRegistry=ProvidersCodecRegistry{codecProviders=[ValueCodecProvider{}, BsonValueCodecProvider{}, DBRefCodecProvider{}, DBObjectCodecProvider{}, DocumentCodecProvider{}, CollectionCodecProvider{}, IterableCodecProvider{}, MapCodecProvider{}, GeoJsonCodecProvider{}, GridFSFileCodecProvider{}, Jsr310CodecProvider{}, JsonObjectCodecProvider{}, BsonCodecProvider{}, EnumCodecProvider{}, com.mongodb.client.model.mql.ExpressionCodecProvider@2753316c, com.mongodb.Jep395RecordCodecProvider@59edb4f5, com.mongodb.KotlinCodecProvider@2792b416]}, loggerSettings=LoggerSettings{maxDocumentLength=1000}, clusterSettings={hosts=[127.0.0.1:27017], srvHost=tugreater.cqnov.mongodb.net, srvServiceName=mongodb, mode=MULTIPLE, requiredClusterType=REPLICA_SET, requiredReplicaSetName='atlas-2t3bax-shard-0', serverSelector='null', clusterListeners='[]', serverSelectionTimeout='30000 ms', localThreshold='15 ms'}, socketSettings=SocketSettings{connectTimeoutMS=10000, readTimeoutMS=0, receiveBufferSize=0, proxySettings=ProxySettings{host=null, port=null, username=null, password=null}}, heartbeatSocketSettings=SocketSettings{connectTimeoutMS=10000, readTimeoutMS=10000, receiveBufferSize=0, proxySettings=ProxySettings{host=null, port=null, username=null, password=null}}, connectionPoolSettings=ConnectionPoolSettings{maxSize=100, minSize=0, maxWaitTimeMS=120000, maxConnectionLifeTimeMS=0, maxConnectionIdleTimeMS=0, maintenanceInitialDelayMS=0, maintenanceFrequencyMS=60000, connectionPoolListeners=[], maxConnecting=2}, serverSettings=ServerSettings{heartbeatFrequencyMS=10000, minHeartbeatFrequencyMS=500, serverMonitoringMode=AUTO, serverListeners='[]', serverMonitorListeners='[]'}, sslSettings=SslSettings{enabled=true, invalidHostNameAllowed=false, context=null}, applicationName='tuGreater', compressorList=[], uuidRepresentation=JAVA_LEGACY, serverApi=null, autoEncryptionSettings=null, dnsClient=null, inetAddressResolver=null, contextProvider=null, timeoutMS=null}
2025-04-19T00:20:08.049+07:00  INFO 27268 --- [backend] [nov.mongodb.net] org.mongodb.driver.cluster               : Adding discovered server tugreater-shard-00-01.cqnov.mongodb.net:27017 to client view of cluster
2025-04-19T00:20:08.053+07:00  INFO 27268 --- [backend] [nov.mongodb.net] org.mongodb.driver.cluster               : Adding discovered server tugreater-shard-00-00.cqnov.mongodb.net:27017 to client view of cluster
2025-04-19T00:20:08.710+07:00  INFO 27268 --- [backend] [ngodb.net:27017] org.mongodb.driver.cluster               : Monitor thread successfully connected to server with description ServerDescription{address=tugreater-shard-00-02.cqnov.mongodb.net:27017, type=REPLICA_SET_PRIMARY, cryptd=false, state=CONNECTED, ok=true, minWireVersion=0, maxWireVersion=25, maxDocumentSize=16777216, logicalSessionTimeoutMinutes=30, roundTripTimeNanos=297948300, minRoundTripTimeNanos=0, setName='atlas-2t3bax-shard-0', canonicalAddress=tugreater-shard-00-02.cqnov.mongodb.net:27017, hosts=[tugreater-shard-00-02.cqnov.mongodb.net:27017, tugreater-shard-00-01.cqnov.mongodb.net:27017, tugreater-shard-00-00.cqnov.mongodb.net:27017], passives=[], arbiters=[], primary='tugreater-shard-00-02.cqnov.mongodb.net:27017', tagSet=TagSet{[Tag{name='availabilityZone', value='apse1-az3'}, Tag{name='diskState', value='READY'}, Tag{name='nodeType', value='ELECTABLE'}, Tag{name='provider', value='AWS'}, Tag{name='region', value='AP_SOUTHEAST_1'}, Tag{name='workloadType', value='OPERATIONAL'}]}, electionId=7fffffff00000000000001dd, setVersion=255, topologyVersion=TopologyVersion{processId=67f6bc5289a991155a03431d, counter=6}, lastWriteDate=Sat Apr 19 00:20:08 ICT 2025, lastUpdateTimeNanos=610426760202000}
2025-04-19T00:20:08.710+07:00  INFO 27268 --- [backend] [ngodb.net:27017] org.mongodb.driver.cluster               : Monitor thread successfully connected to server with description ServerDescription{address=tugreater-shard-00-01.cqnov.mongodb.net:27017, type=REPLICA_SET_SECONDARY, cryptd=false, state=CONNECTED, ok=true, minWireVersion=0, maxWireVersion=25, maxDocumentSize=16777216, logicalSessionTimeoutMinutes=30, roundTripTimeNanos=295780400, minRoundTripTimeNanos=0, setName='atlas-2t3bax-shard-0', canonicalAddress=tugreater-shard-00-01.cqnov.mongodb.net:27017, hosts=[tugreater-shard-00-02.cqnov.mongodb.net:27017, tugreater-shard-00-01.cqnov.mongodb.net:27017, tugreater-shard-00-00.cqnov.mongodb.net:27017], passives=[], arbiters=[], primary='tugreater-shard-00-02.cqnov.mongodb.net:27017', tagSet=TagSet{[Tag{name='availabilityZone', value='apse1-az1'}, Tag{name='diskState', value='READY'}, Tag{name='nodeType', value='ELECTABLE'}, Tag{name='provider', value='AWS'}, Tag{name='region', value='AP_SOUTHEAST_1'}, Tag{name='workloadType', value='OPERATIONAL'}]}, electionId=null, setVersion=255, topologyVersion=TopologyVersion{processId=67f6bf7e31e56ba2e3a04a60, counter=3}, lastWriteDate=Sat Apr 19 00:20:08 ICT 2025, lastUpdateTimeNanos=610426760202000}
2025-04-19T00:20:08.712+07:00  INFO 27268 --- [backend] [ngodb.net:27017] org.mongodb.driver.cluster               : Monitor thread successfully connected to server with description ServerDescription{address=tugreater-shard-00-00.cqnov.mongodb.net:27017, type=REPLICA_SET_SECONDARY, cryptd=false, state=CONNECTED, ok=true, minWireVersion=0, maxWireVersion=25, maxDocumentSize=16777216, logicalSessionTimeoutMinutes=30, roundTripTimeNanos=296644700, minRoundTripTimeNanos=0, setName='atlas-2t3bax-shard-0', canonicalAddress=tugreater-shard-00-00.cqnov.mongodb.net:27017, hosts=[tugreater-shard-00-02.cqnov.mongodb.net:27017, tugreater-shard-00-01.cqnov.mongodb.net:27017, tugreater-shard-00-00.cqnov.mongodb.net:27017], passives=[], arbiters=[], primary='tugreater-shard-00-02.cqnov.mongodb.net:27017', tagSet=TagSet{[Tag{name='availabilityZone', value='apse1-az2'}, Tag{name='diskState', value='READY'}, Tag{name='nodeType', value='ELECTABLE'}, Tag{name='provider', value='AWS'}, Tag{name='region', value='AP_SOUTHEAST_1'}, Tag{name='workloadType', value='OPERATIONAL'}]}, electionId=null, setVersion=255, topologyVersion=TopologyVersion{processId=67f6b95cfb7c76b5079ed252, counter=4}, lastWriteDate=Sat Apr 19 00:20:08 ICT 2025, lastUpdateTimeNanos=610426760242300}
2025-04-19T00:20:08.718+07:00  INFO 27268 --- [backend] [ngodb.net:27017] org.mongodb.driver.cluster               : Discovered replica set primary tugreater-shard-00-02.cqnov.mongodb.net:27017 with max election id 7fffffff00000000000001dd and max set version 255
2025-04-19T00:20:09.581+07:00  INFO 27268 --- [backend] [           main] t.cn333.backend.BackendApplicationTests  : Started BackendApplicationTests in 3.775 seconds (process running for 5.33)
]]></system-out>
  </testcase>
</testsuite>